2019.11.20 07:30:00pm Resource added via Cheats menu to 2005, amount is 5000
2019.11.20 07:30:03pm Resource added via Cheats menu to 2005, amount is 25
2019.11.20 07:30:06pm Resource added via Cheats menu to 2005, amount is 60
2019.11.20 07:30:08pm Resource added via Cheats menu to 2005, amount is 656
2019.11.26 06:11:49pm Resource added via Cheats menu to 3339, amount is 9999
2019.11.26 06:11:58pm Resource added via Cheats menu to 3339, amount is 99999
2019.11.26 06:12:05pm Resource added via Cheats menu to 3339, amount is 99999
2019.11.26 07:57:29pm Resource added via Cheats menu to 3339, amount is 77777
2019.11.26 08:36:34pm Resource added via Cheats menu to 3339, amount is 99999
2019.11.26 08:36:51pm Resource added via Cheats menu to 3339, amount is 19999
2019.11.27 01:40:46pm 3d234f succesfully registrated
2019.11.27 01:44:12pm d324d23 succesfully registrated
2019.11.27 06:28:51pm Resource added via Cheats menu to 3339, amount is 200000
2019.11.27 06:29:06pm Resource added via Cheats menu to 3339, amount is 50000
2019.11.27 06:29:13pm Resource added via Cheats menu to 3339, amount is 50000
2019.11.27 06:29:21pm Resource added via Cheats menu to 3339, amount is 50000
2019.12.08 11:25:08pm asd succesfully registrated
2019.12.08 11:30:49pm asd succesfully registrated
2019.12.08 11:31:29pm asdf succesfully registrated
2019.12.08 11:32:34pm asdff succesfully registrated
2019.12.09 12:03:07am asd succesfully registrated
